<?xml version="1.0" encoding="UTF-8"?>
<!-- Generated by org.testng.reporters.JUnitReportReporter -->
<testsuite hostname="KRISHNAVENI-LAP" failures="0" tests="1" name="com.apiautomation.AppTest" time="0.015" errors="0" timestamp="2024-01-10T14:58:30 IST" skipped="0">
  <testcase classname="com.apiautomation.AppTest" name="shouldAnswerWithTrue" time="0.015"/>
  <system-out/>
</testsuite> <!-- com.apiautomation.AppTest -->
